<?xml version="1.0" encoding="UTF-8"?>
<testsuite xmlns:xsi="http://www.w3.org/2001/XMLSchema-instance" xsi:noNamespaceSchemaLocation="https://maven.apache.org/surefire/maven-surefire-plugin/xsd/surefire-test-report.xsd" version="3.0.1" name="TestSuite" time="303.077" tests="3" errors="0" skipped="0" failures="3">
  <properties>
[...]
</properties>
  <testcase name="runScenario[&quot;RG_PF_LIS_BO_08_RG_PF_LIS_BO_09_RG_PF_LIS_BO_10_RG_PF_LIS_BO_11_RG_PF_LIS_BO_01_Validate user is able to create a new Location under Listing&quot;, &quot;Park and Facilities Listing GridScenarios&quot;](1)" classname="org.govstack.runner.TestRunner" time="79.178">
    <failure message="element click intercepted: Element &lt;button class=&quot;e-control e-btn e-lib e-primary&quot; style=&quot;border: 3px solid red;&quot;&gt;...&lt;/button&gt; is not clickable at point (1495, 237). Other element would receive the click: &lt;div class=&quot;e-control e-skeleton e-lib e-skeleton-rectangle e-shimmer-wave&quot; id=&quot;e-skeleton_26&quot; role=&quot;alert&quot; aria-busy=&quot;true&quot; aria-live=&quot;polite&quot; aria-label=&quot;Loading...&quot; style=&quot;width: 100%; height: 40vh;&quot;&gt;&lt;/div&gt;&#10;  (Session info: chrome=130.0.6723.92)&#10;Build info: version: &apos;4.20.0&apos;, revision: &apos;866c76ca80&apos;&#10;System info: os.name: &apos;Windows 10&apos;, os.arch: &apos;amd64&apos;, os.version: &apos;10.0&apos;, java.version: &apos;22.0.1&apos;&#10;Driver info: org.openqa.selenium.chrome.ChromeDriver&#10;Command: [071a0cebf1585901cb018d0fcc9bac62, clickElement {id=f.A9B2F9A724653BD7257A3B5EF08C7C4E.d.CEA8FA63599E5DEE49495AF6036B7317.e.26}]&#10;Capabilities {acceptInsecureCerts: false, browserName: chrome, browserVersion: 130.0.6723.92, chrome: {chromedriverVersion: 130.0.6723.91 (53ac07678369..., userDataDir: C:\Users\sjeldu\AppData\Loc...}, fedcm:accounts: true, goog:chromeOptions: {debuggerAddress: localhost:49594}, networkConnectionEnabled: false, pageLoadStrategy: normal, platformName: windows, proxy: Proxy(), se:cdp: ws://localhost:49594/devtoo..., se:cdpVersion: 130.0.6723.92, setWindowRect: true, strictFileInteractability: false, timeouts: {implicit: 0, pageLoad: 300000, script: 30000}, unhandledPromptBehavior: dismiss and notify, webauthn:extension:credBlob: true, webauthn:extension:largeBlob: true, webauthn:extension:minPinLength: true, webauthn:extension:prf: true, webauthn:virtualAuthenticators: true}&#10;Element: [[ChromeDriver: chrome on windows (071a0cebf1585901cb018d0fcc9bac62)] -&gt; xpath: //button[@class=&apos;e-control e-btn e-lib e-primary&apos;]]&#10;Session ID: 071a0cebf1585901cb018d0fcc9bac62" type="java.lang.AssertionError"><![CDATA[java.lang.AssertionError: 
element click intercepted: Element <button class="e-control e-btn e-lib e-primary" style="border: 3px solid red;">...</button> is not clickable at point (1495, 237). Other element would receive the click: <div class="e-control e-skeleton e-lib e-skeleton-rectangle e-shimmer-wave" id="e-skeleton_26" role="alert" aria-busy="true" aria-live="polite" aria-label="Loading..." style="width: 100%; height: 40vh;"></div>
  (Session info: chrome=130.0.6723.92)
Build info: version: '4.20.0', revision: '866c76ca80'
System info: os.name: 'Windows 10', os.arch: 'amd64', os.version: '10.0', java.version: '22.0.1'
Driver info: org.openqa.selenium.chrome.ChromeDriver
Command: [071a0cebf1585901cb018d0fcc9bac62, clickElement {id=f.A9B2F9A724653BD7257A3B5EF08C7C4E.d.CEA8FA63599E5DEE49495AF6036B7317.e.26}]
Capabilities {acceptInsecureCerts: false, browserName: chrome, browserVersion: 130.0.6723.92, chrome: {chromedriverVersion: 130.0.6723.91 (53ac07678369..., userDataDir: C:\Users\sjeldu\AppData\Loc...}, fedcm:accounts: true, goog:chromeOptions: {debuggerAddress: localhost:49594}, networkConnectionEnabled: false, pageLoadStrategy: normal, platformName: windows, proxy: Proxy(), se:cdp: ws://localhost:49594/devtoo..., se:cdpVersion: 130.0.6723.92, setWindowRect: true, strictFileInteractability: false, timeouts: {implicit: 0, pageLoad: 300000, script: 30000}, unhandledPromptBehavior: dismiss and notify, webauthn:extension:credBlob: true, webauthn:extension:largeBlob: true, webauthn:extension:minPinLength: true, webauthn:extension:prf: true, webauthn:virtualAuthenticators: true}
Element: [[ChromeDriver: chrome on windows (071a0cebf1585901cb018d0fcc9bac62)] -> xpath: //button[@class='e-control e-btn e-lib e-primary']]
Session ID: 071a0cebf1585901cb018d0fcc9bac62
	at org.testng.Assert.fail(Assert.java:111)
	at org.govstack.utils.CommonMethods.clickElement(CommonMethods.java:87)
	at org.govstack.pom.pf.pfListings.pages.PFListingsPage.clickAddLocation(PFListingsPage.java:34)
	at org.govstack.stepdefinition.pf.StepDefinitions_PF_Listings.user_selects_the_add_location(StepDefinitions_PF_Listings.java:104)
	at ✽.user selects the add location(file:///D:/Gov_Gurvinder/Main_Branch/src/main/resources/TestCases/Parks%20and%20Facilities/PF_Listings_Grid_TestCases.feature:15)
]]></failure>
    <system-out><![CDATA[
@RG_PF_LIS_BO_08
Scenario Outline: RG_PF_LIS_BO_08_RG_PF_LIS_BO_09_RG_PF_LIS_BO_10_RG_PF_LIS_BO_11_RG_PF_LIS_BO_01_Validate user is able to create a new Location under Listing &amp#27;[90m# src/main/resources/TestCases/Parks and Facilities/PF_Listings_Grid_TestCases.feature:22&amp#27;[0m
  &amp#27;[32mGiven &amp#27;[0m&amp#27;[32mLaunch and login Park and Facilities Back Office&amp#27;[0m                                                                                                       &amp#27;[90m# org.govstack.stepdefinition.pf.StepDefinitons_PF_Features.Launch_and_login_Park_and_Facilities_Back_Office()&amp#27;[0m
  &amp#27;[32mWhen &amp#27;[0m&amp#27;[32mUser Go to PF Listings tab&amp#27;[0m                                                                                                                              &amp#27;[90m# org.govstack.stepdefinition.pf.StepDefinitions_PF_Listings.user_go_to_listings_tab()&amp#27;[0m
  &amp#27;[31mAnd &amp#27;[0m&amp#27;[31muser selects the add location&amp#27;[0m                                                                                                                            &amp#27;[90m# org.govstack.stepdefinition.pf.StepDefinitions_PF_Listings.user_selects_the_add_location()&amp#27;[0m
      &amp#27;[31mjava.lang.AssertionError: element click intercepted: Element <button class="e-control e-btn e-lib e-primary" style="border: 3px solid red;">...</button> is not clickable at point (1495, 237). Other element would receive the click: <div class="e-control e-skeleton e-lib e-skeleton-rectangle e-shimmer-wave" id="e-skeleton_26" role="alert" aria-busy="true" aria-live="polite" aria-label="Loading..." style="width: 100%; height: 40vh;"></div>
  (Session info: chrome=130.0.6723.92)
Build info: version: '4.20.0', revision: '866c76ca80'
System info: os.name: 'Windows 10', os.arch: 'amd64', os.version: '10.0', java.version: '22.0.1'
Driver info: org.openqa.selenium.chrome.ChromeDriver
Command: [071a0cebf1585901cb018d0fcc9bac62, clickElement {id=f.A9B2F9A724653BD7257A3B5EF08C7C4E.d.CEA8FA63599E5DEE49495AF6036B7317.e.26}]
Capabilities {acceptInsecureCerts: false, browserName: chrome, browserVersion: 130.0.6723.92, chrome: {chromedriverVersion: 130.0.6723.91 (53ac07678369..., userDataDir: C:\Users\sjeldu\AppData\Loc...}, fedcm:accounts: true, goog:chromeOptions: {debuggerAddress: localhost:49594}, networkConnectionEnabled: false, pageLoadStrategy: normal, platformName: windows, proxy: Proxy(), se:cdp: ws://localhost:49594/devtoo..., se:cdpVersion: 130.0.6723.92, setWindowRect: true, strictFileInteractability: false, timeouts: {implicit: 0, pageLoad: 300000, script: 30000}, unhandledPromptBehavior: dismiss and notify, webauthn:extension:credBlob: true, webauthn:extension:largeBlob: true, webauthn:extension:minPinLength: true, webauthn:extension:prf: true, webauthn:virtualAuthenticators: true}
Element: [[ChromeDriver: chrome on windows (071a0cebf1585901cb018d0fcc9bac62)] -> xpath: //button[@class='e-control e-btn e-lib e-primary']]
Session ID: 071a0cebf1585901cb018d0fcc9bac62
	at org.testng.Assert.fail(Assert.java:111)
	at org.govstack.utils.CommonMethods.clickElement(CommonMethods.java:87)
	at org.govstack.pom.pf.pfListings.pages.PFListingsPage.clickAddLocation(PFListingsPage.java:34)
	at org.govstack.stepdefinition.pf.StepDefinitions_PF_Listings.user_selects_the_add_location(StepDefinitions_PF_Listings.java:104)
	at ✽.user selects the add location(file:///D:/Gov_Gurvinder/Main_Branch/src/main/resources/TestCases/Parks%20and%20Facilities/PF_Listings_Grid_TestCases.feature:15)
&amp#27;[0m
  &amp#27;[36mAnd &amp#27;[0m&amp#27;[36muser enters the general details &amp#27;[0m&amp#27;[36m&amp#27;[1m"RG_PF_LIS_BO_08"&amp#27;[0m                                                                                                        &amp#27;[90m# org.govstack.stepdefinition.pf.StepDefinitions_PF_Listings.user_enters_the_general_details(java.lang.String)&amp#27;[0m
  &amp#27;[36mAnd &amp#27;[0m&amp#27;[36muser enters the address details&amp#27;[0m                                                                                                                          &amp#27;[90m# org.govstack.stepdefinition.pf.StepDefinitions_PF_Listings.user_enters_the_address_details()&amp#27;[0m
  &amp#27;[36mAnd &amp#27;[0m&amp#27;[36muser enters the details details&amp#27;[0m                                                                                                                          &amp#27;[90m# org.govstack.stepdefinition.pf.StepDefinitions_PF_Listings.user_enters_the_details_details()&amp#27;[0m
  &amp#27;[36mThen &amp#27;[0m&amp#27;[36mlocation should be added&amp#27;[0m                                                                                                                                &amp#27;[90m# org.govstack.stepdefinition.pf.StepDefinitions_PF_Listings.location_should_be_added()&amp#27;[0m
]]></system-out>
    <system-err><![CDATA[SLF4J: Failed to load class "org.slf4j.impl.StaticLoggerBinder".
SLF4J: Defaulting to no-operation (NOP) logger implementation
SLF4J: See http://www.slf4j.org/codes.html#StaticLoggerBinder for further details.
Nov 04, 2024 11:04:56 A.M. org.openqa.selenium.devtools.CdpVersionFinder findNearestMatch
WARNING: Unable to find CDP implementation matching 130
Nov 04, 2024 11:04:56 A.M. org.openqa.selenium.chromium.ChromiumDriver lambda$new$5
WARNING: Unable to find version of CDP to use for 130.0.6723.92. You may need to include a dependency on a specific version of the CDP using something similar to `org.seleniumhq.selenium:selenium-devtools-v86:4.20.0` where the version ("v86") matches the version of the chromium-based browser you're using and the version number of the artifact is the same as Selenium's.
]]></system-err>
  </testcase>
  <testcase name="runScenario[&quot;RG_PF_LIS_BO_08_RG_PF_LIS_BO_09_RG_PF_LIS_BO_10_RG_PF_LIS_BO_11_RG_PF_LIS_BO_01_Validate user is able to create a new Location under Listing&quot;, &quot;Park and Facilities Listing GridScenarios&quot;](2)" classname="org.govstack.runner.TestRunner" time="157.049">
    <failure message="no such element: Unable to locate element: {&quot;method&quot;:&quot;xpath&quot;,&quot;selector&quot;:&quot;//*[@id=&quot;paf-installations-table_content_table&quot;]/tbody/tr/td[2]&quot;}&#10;  (Session info: chrome=130.0.6723.92)&#10;For documentation on this error, please visit: https://www.selenium.dev/documentation/webdriver/troubleshooting/errors#no-such-element-exception&#10;Build info: version: &apos;4.20.0&apos;, revision: &apos;866c76ca80&apos;&#10;System info: os.name: &apos;Windows 10&apos;, os.arch: &apos;amd64&apos;, os.version: &apos;10.0&apos;, java.version: &apos;22.0.1&apos;&#10;Driver info: org.openqa.selenium.chrome.ChromeDriver&#10;Command: [04e5b5de47ef32cd9d4d9c2398e838bd, findElement {value=//*[@id=&quot;paf-installations-table_content_table&quot;]/tbody/tr/td[2], using=xpath}]&#10;Capabilities {acceptInsecureCerts: false, browserName: chrome, browserVersion: 130.0.6723.92, chrome: {chromedriverVersion: 130.0.6723.91 (53ac07678369..., userDataDir: C:\Users\sjeldu\AppData\Loc...}, fedcm:accounts: true, goog:chromeOptions: {debuggerAddress: localhost:49836}, networkConnectionEnabled: false, pageLoadStrategy: normal, platformName: windows, proxy: Proxy(), se:cdp: ws://localhost:49836/devtoo..., se:cdpVersion: 130.0.6723.92, setWindowRect: true, strictFileInteractability: false, timeouts: {implicit: 0, pageLoad: 300000, script: 30000}, unhandledPromptBehavior: dismiss and notify, webauthn:extension:credBlob: true, webauthn:extension:largeBlob: true, webauthn:extension:minPinLength: true, webauthn:extension:prf: true, webauthn:virtualAuthenticators: true}&#10;Session ID: 04e5b5de47ef32cd9d4d9c2398e838bd" type="java.lang.AssertionError"><![CDATA[java.lang.AssertionError: 
no such element: Unable to locate element: {"method":"xpath","selector":"//*[@id="paf-installations-table_content_table"]/tbody/tr/td[2]"}
  (Session info: chrome=130.0.6723.92)
For documentation on this error, please visit: https://www.selenium.dev/documentation/webdriver/troubleshooting/errors#no-such-element-exception
Build info: version: '4.20.0', revision: '866c76ca80'
System info: os.name: 'Windows 10', os.arch: 'amd64', os.version: '10.0', java.version: '22.0.1'
Driver info: org.openqa.selenium.chrome.ChromeDriver
Command: [04e5b5de47ef32cd9d4d9c2398e838bd, findElement {value=//*[@id="paf-installations-table_content_table"]/tbody/tr/td[2], using=xpath}]
Capabilities {acceptInsecureCerts: false, browserName: chrome, browserVersion: 130.0.6723.92, chrome: {chromedriverVersion: 130.0.6723.91 (53ac07678369..., userDataDir: C:\Users\sjeldu\AppData\Loc...}, fedcm:accounts: true, goog:chromeOptions: {debuggerAddress: localhost:49836}, networkConnectionEnabled: false, pageLoadStrategy: normal, platformName: windows, proxy: Proxy(), se:cdp: ws://localhost:49836/devtoo..., se:cdpVersion: 130.0.6723.92, setWindowRect: true, strictFileInteractability: false, timeouts: {implicit: 0, pageLoad: 300000, script: 30000}, unhandledPromptBehavior: dismiss and notify, webauthn:extension:credBlob: true, webauthn:extension:largeBlob: true, webauthn:extension:minPinLength: true, webauthn:extension:prf: true, webauthn:virtualAuthenticators: true}
Session ID: 04e5b5de47ef32cd9d4d9c2398e838bd
	at org.testng.Assert.fail(Assert.java:111)
	at org.govstack.utils.CommonMethods.highlightElement(CommonMethods.java:62)
	at org.govstack.utils.CommonMethods.getElementText(CommonMethods.java:292)
	at org.govstack.pom.pf.pfListings.pages.PFListingsPage.validatePFListingCreated(PFListingsPage.java:92)
	at org.govstack.stepdefinition.pf.StepDefinitions_PF_Listings.location_should_be_added(StepDefinitions_PF_Listings.java:128)
	at ✽.location should be added(file:///D:/Gov_Gurvinder/Main_Branch/src/main/resources/TestCases/Parks%20and%20Facilities/PF_Listings_Grid_TestCases.feature:19)
]]></failure>
    <system-out><![CDATA[
@RG_PF_LIS_BO_08
Scenario Outline: RG_PF_LIS_BO_08_RG_PF_LIS_BO_09_RG_PF_LIS_BO_10_RG_PF_LIS_BO_11_RG_PF_LIS_BO_01_Validate user is able to create a new Location under Listing &amp#27;[90m# src/main/resources/TestCases/Parks and Facilities/PF_Listings_Grid_TestCases.feature:23&amp#27;[0m
  &amp#27;[32mGiven &amp#27;[0m&amp#27;[32mLaunch and login Park and Facilities Back Office&amp#27;[0m                                                                                                       &amp#27;[90m# org.govstack.stepdefinition.pf.StepDefinitons_PF_Features.Launch_and_login_Park_and_Facilities_Back_Office()&amp#27;[0m
  &amp#27;[32mWhen &amp#27;[0m&amp#27;[32mUser Go to PF Listings tab&amp#27;[0m                                                                                                                              &amp#27;[90m# org.govstack.stepdefinition.pf.StepDefinitions_PF_Listings.user_go_to_listings_tab()&amp#27;[0m
  &amp#27;[32mAnd &amp#27;[0m&amp#27;[32muser selects the add location&amp#27;[0m                                                                                                                            &amp#27;[90m# org.govstack.stepdefinition.pf.StepDefinitions_PF_Listings.user_selects_the_add_location()&amp#27;[0m
2024-11-04T05:37:09.005984400Z TestNG-PoolService-1 ERROR Log4j2 could not find a logging implementation. Please add log4j-core to the classpath. Using SimpleLogger to log to the console...
  &amp#27;[32mAnd &amp#27;[0m&amp#27;[32muser enters the general details &amp#27;[0m&amp#27;[32m&amp#27;[1m"RG_PF_LIS_BO_09"&amp#27;[0m                                                                                                        &amp#27;[90m# org.govstack.stepdefinition.pf.StepDefinitions_PF_Listings.user_enters_the_general_details(java.lang.String)&amp#27;[0m
  &amp#27;[32mAnd &amp#27;[0m&amp#27;[32muser enters the address details&amp#27;[0m                                                                                                                          &amp#27;[90m# org.govstack.stepdefinition.pf.StepDefinitions_PF_Listings.user_enters_the_address_details()&amp#27;[0m
  &amp#27;[32mAnd &amp#27;[0m&amp#27;[32muser enters the details details&amp#27;[0m                                                                                                                          &amp#27;[90m# org.govstack.stepdefinition.pf.StepDefinitions_PF_Listings.user_enters_the_details_details()&amp#27;[0m
  &amp#27;[31mThen &amp#27;[0m&amp#27;[31mlocation should be added&amp#27;[0m                                                                                                                                &amp#27;[90m# org.govstack.stepdefinition.pf.StepDefinitions_PF_Listings.location_should_be_added()&amp#27;[0m
      &amp#27;[31mjava.lang.AssertionError: no such element: Unable to locate element: {"method":"xpath","selector":"//*[@id="paf-installations-table_content_table"]/tbody/tr/td[2]"}
  (Session info: chrome=130.0.6723.92)
For documentation on this error, please visit: https://www.selenium.dev/documentation/webdriver/troubleshooting/errors#no-such-element-exception
Build info: version: '4.20.0', revision: '866c76ca80'
System info: os.name: 'Windows 10', os.arch: 'amd64', os.version: '10.0', java.version: '22.0.1'
Driver info: org.openqa.selenium.chrome.ChromeDriver
Command: [04e5b5de47ef32cd9d4d9c2398e838bd, findElement {value=//*[@id="paf-installations-table_content_table"]/tbody/tr/td[2], using=xpath}]
Capabilities {acceptInsecureCerts: false, browserName: chrome, browserVersion: 130.0.6723.92, chrome: {chromedriverVersion: 130.0.6723.91 (53ac07678369..., userDataDir: C:\Users\sjeldu\AppData\Loc...}, fedcm:accounts: true, goog:chromeOptions: {debuggerAddress: localhost:49836}, networkConnectionEnabled: false, pageLoadStrategy: normal, platformName: windows, proxy: Proxy(), se:cdp: ws://localhost:49836/devtoo..., se:cdpVersion: 130.0.6723.92, setWindowRect: true, strictFileInteractability: false, timeouts: {implicit: 0, pageLoad: 300000, script: 30000}, unhandledPromptBehavior: dismiss and notify, webauthn:extension:credBlob: true, webauthn:extension:largeBlob: true, webauthn:extension:minPinLength: true, webauthn:extension:prf: true, webauthn:virtualAuthenticators: true}
Session ID: 04e5b5de47ef32cd9d4d9c2398e838bd
	at org.testng.Assert.fail(Assert.java:111)
	at org.govstack.utils.CommonMethods.highlightElement(CommonMethods.java:62)
	at org.govstack.utils.CommonMethods.getElementText(CommonMethods.java:292)
	at org.govstack.pom.pf.pfListings.pages.PFListingsPage.validatePFListingCreated(PFListingsPage.java:92)
	at org.govstack.stepdefinition.pf.StepDefinitions_PF_Listings.location_should_be_added(StepDefinitions_PF_Listings.java:128)
	at ✽.location should be added(file:///D:/Gov_Gurvinder/Main_Branch/src/main/resources/TestCases/Parks%20and%20Facilities/PF_Listings_Grid_TestCases.feature:19)
&amp#27;[0m
]]></system-out>
    <system-err><![CDATA[Nov 04, 2024 11:06:12 A.M. org.openqa.selenium.devtools.CdpVersionFinder findNearestMatch
WARNING: Unable to find CDP implementation matching 130
Nov 04, 2024 11:06:12 A.M. org.openqa.selenium.chromium.ChromiumDriver lambda$new$5
WARNING: Unable to find version of CDP to use for 130.0.6723.92. You may need to include a dependency on a specific version of the CDP using something similar to `org.seleniumhq.selenium:selenium-devtools-v86:4.20.0` where the version ("v86") matches the version of the chromium-based browser you're using and the version number of the artifact is the same as Selenium's.
]]></system-err>
  </testcase>
  <testcase name="runScenario[&quot;RG_PF_LIS_BO_08_RG_PF_LIS_BO_09_RG_PF_LIS_BO_10_RG_PF_LIS_BO_11_RG_PF_LIS_BO_01_Validate user is able to create a new Location under Listing&quot;, &quot;Park and Facilities Listing GridScenarios&quot;](3)" classname="org.govstack.runner.TestRunner" time="58.002">
    <failure message="element click intercepted: Element &lt;button class=&quot;e-control e-btn e-lib e-primary&quot; style=&quot;border: 3px solid red;&quot;&gt;...&lt;/button&gt; is not clickable at point (1495, 237). Other element would receive the click: &lt;div class=&quot;e-control e-skeleton e-lib e-skeleton-rectangle e-shimmer-wave&quot; id=&quot;e-skeleton_26&quot; role=&quot;alert&quot; aria-busy=&quot;true&quot; aria-live=&quot;polite&quot; aria-label=&quot;Loading...&quot; style=&quot;width: 100%; height: 40vh;&quot;&gt;&lt;/div&gt;&#10;  (Session info: chrome=130.0.6723.92)&#10;Build info: version: &apos;4.20.0&apos;, revision: &apos;866c76ca80&apos;&#10;System info: os.name: &apos;Windows 10&apos;, os.arch: &apos;amd64&apos;, os.version: &apos;10.0&apos;, java.version: &apos;22.0.1&apos;&#10;Driver info: org.openqa.selenium.chrome.ChromeDriver&#10;Command: [2852882f158928f2166ce1249226562d, clickElement {id=f.3DD415FAFE6C2A9771D040A834C49244.d.6F138E83582C63F07C200C7ED01CE60F.e.13}]&#10;Capabilities {acceptInsecureCerts: false, browserName: chrome, browserVersion: 130.0.6723.92, chrome: {chromedriverVersion: 130.0.6723.91 (53ac07678369..., userDataDir: C:\Users\sjeldu\AppData\Loc...}, fedcm:accounts: true, goog:chromeOptions: {debuggerAddress: localhost:50129}, networkConnectionEnabled: false, pageLoadStrategy: normal, platformName: windows, proxy: Proxy(), se:cdp: ws://localhost:50129/devtoo..., se:cdpVersion: 130.0.6723.92, setWindowRect: true, strictFileInteractability: false, timeouts: {implicit: 0, pageLoad: 300000, script: 30000}, unhandledPromptBehavior: dismiss and notify, webauthn:extension:credBlob: true, webauthn:extension:largeBlob: true, webauthn:extension:minPinLength: true, webauthn:extension:prf: true, webauthn:virtualAuthenticators: true}&#10;Element: [[ChromeDriver: chrome on windows (2852882f158928f2166ce1249226562d)] -&gt; xpath: //button[@class=&apos;e-control e-btn e-lib e-primary&apos;]]&#10;Session ID: 2852882f158928f2166ce1249226562d" type="java.lang.AssertionError"><![CDATA[java.lang.AssertionError: 
element click intercepted: Element <button class="e-control e-btn e-lib e-primary" style="border: 3px solid red;">...</button> is not clickable at point (1495, 237). Other element would receive the click: <div class="e-control e-skeleton e-lib e-skeleton-rectangle e-shimmer-wave" id="e-skeleton_26" role="alert" aria-busy="true" aria-live="polite" aria-label="Loading..." style="width: 100%; height: 40vh;"></div>
  (Session info: chrome=130.0.6723.92)
Build info: version: '4.20.0', revision: '866c76ca80'
System info: os.name: 'Windows 10', os.arch: 'amd64', os.version: '10.0', java.version: '22.0.1'
Driver info: org.openqa.selenium.chrome.ChromeDriver
Command: [2852882f158928f2166ce1249226562d, clickElement {id=f.3DD415FAFE6C2A9771D040A834C49244.d.6F138E83582C63F07C200C7ED01CE60F.e.13}]
Capabilities {acceptInsecureCerts: false, browserName: chrome, browserVersion: 130.0.6723.92, chrome: {chromedriverVersion: 130.0.6723.91 (53ac07678369..., userDataDir: C:\Users\sjeldu\AppData\Loc...}, fedcm:accounts: true, goog:chromeOptions: {debuggerAddress: localhost:50129}, networkConnectionEnabled: false, pageLoadStrategy: normal, platformName: windows, proxy: Proxy(), se:cdp: ws://localhost:50129/devtoo..., se:cdpVersion: 130.0.6723.92, setWindowRect: true, strictFileInteractability: false, timeouts: {implicit: 0, pageLoad: 300000, script: 30000}, unhandledPromptBehavior: dismiss and notify, webauthn:extension:credBlob: true, webauthn:extension:largeBlob: true, webauthn:extension:minPinLength: true, webauthn:extension:prf: true, webauthn:virtualAuthenticators: true}
Element: [[ChromeDriver: chrome on windows (2852882f158928f2166ce1249226562d)] -> xpath: //button[@class='e-control e-btn e-lib e-primary']]
Session ID: 2852882f158928f2166ce1249226562d
	at org.testng.Assert.fail(Assert.java:111)
	at org.govstack.utils.CommonMethods.clickElement(CommonMethods.java:87)
	at org.govstack.pom.pf.pfListings.pages.PFListingsPage.clickAddLocation(PFListingsPage.java:34)
	at org.govstack.stepdefinition.pf.StepDefinitions_PF_Listings.user_selects_the_add_location(StepDefinitions_PF_Listings.java:104)
	at ✽.user selects the add location(file:///D:/Gov_Gurvinder/Main_Branch/src/main/resources/TestCases/Parks%20and%20Facilities/PF_Listings_Grid_TestCases.feature:15)
]]></failure>
    <system-out><![CDATA[
@RG_PF_LIS_BO_08
Scenario Outline: RG_PF_LIS_BO_08_RG_PF_LIS_BO_09_RG_PF_LIS_BO_10_RG_PF_LIS_BO_11_RG_PF_LIS_BO_01_Validate user is able to create a new Location under Listing &amp#27;[90m# src/main/resources/TestCases/Parks and Facilities/PF_Listings_Grid_TestCases.feature:24&amp#27;[0m
  &amp#27;[32mGiven &amp#27;[0m&amp#27;[32mLaunch and login Park and Facilities Back Office&amp#27;[0m                                                                                                       &amp#27;[90m# org.govstack.stepdefinition.pf.StepDefinitons_PF_Features.Launch_and_login_Park_and_Facilities_Back_Office()&amp#27;[0m
  &amp#27;[32mWhen &amp#27;[0m&amp#27;[32mUser Go to PF Listings tab&amp#27;[0m                                                                                                                              &amp#27;[90m# org.govstack.stepdefinition.pf.StepDefinitions_PF_Listings.user_go_to_listings_tab()&amp#27;[0m
  &amp#27;[31mAnd &amp#27;[0m&amp#27;[31muser selects the add location&amp#27;[0m                                                                                                                            &amp#27;[90m# org.govstack.stepdefinition.pf.StepDefinitions_PF_Listings.user_selects_the_add_location()&amp#27;[0m
      &amp#27;[31mjava.lang.AssertionError: element click intercepted: Element <button class="e-control e-btn e-lib e-primary" style="border: 3px solid red;">...</button> is not clickable at point (1495, 237). Other element would receive the click: <div class="e-control e-skeleton e-lib e-skeleton-rectangle e-shimmer-wave" id="e-skeleton_26" role="alert" aria-busy="true" aria-live="polite" aria-label="Loading..." style="width: 100%; height: 40vh;"></div>
  (Session info: chrome=130.0.6723.92)
Build info: version: '4.20.0', revision: '866c76ca80'
System info: os.name: 'Windows 10', os.arch: 'amd64', os.version: '10.0', java.version: '22.0.1'
Driver info: org.openqa.selenium.chrome.ChromeDriver
Command: [2852882f158928f2166ce1249226562d, clickElement {id=f.3DD415FAFE6C2A9771D040A834C49244.d.6F138E83582C63F07C200C7ED01CE60F.e.13}]
Capabilities {acceptInsecureCerts: false, browserName: chrome, browserVersion: 130.0.6723.92, chrome: {chromedriverVersion: 130.0.6723.91 (53ac07678369..., userDataDir: C:\Users\sjeldu\AppData\Loc...}, fedcm:accounts: true, goog:chromeOptions: {debuggerAddress: localhost:50129}, networkConnectionEnabled: false, pageLoadStrategy: normal, platformName: windows, proxy: Proxy(), se:cdp: ws://localhost:50129/devtoo..., se:cdpVersion: 130.0.6723.92, setWindowRect: true, strictFileInteractability: false, timeouts: {implicit: 0, pageLoad: 300000, script: 30000}, unhandledPromptBehavior: dismiss and notify, webauthn:extension:credBlob: true, webauthn:extension:largeBlob: true, webauthn:extension:minPinLength: true, webauthn:extension:prf: true, webauthn:virtualAuthenticators: true}
Element: [[ChromeDriver: chrome on windows (2852882f158928f2166ce1249226562d)] -> xpath: //button[@class='e-control e-btn e-lib e-primary']]
Session ID: 2852882f158928f2166ce1249226562d
	at org.testng.Assert.fail(Assert.java:111)
	at org.govstack.utils.CommonMethods.clickElement(CommonMethods.java:87)
	at org.govstack.pom.pf.pfListings.pages.PFListingsPage.clickAddLocation(PFListingsPage.java:34)
	at org.govstack.stepdefinition.pf.StepDefinitions_PF_Listings.user_selects_the_add_location(StepDefinitions_PF_Listings.java:104)
	at ✽.user selects the add location(file:///D:/Gov_Gurvinder/Main_Branch/src/main/resources/TestCases/Parks%20and%20Facilities/PF_Listings_Grid_TestCases.feature:15)
&amp#27;[0m
  &amp#27;[36mAnd &amp#27;[0m&amp#27;[36muser enters the general details &amp#27;[0m&amp#27;[36m&amp#27;[1m"RG_PF_LIS_BO_10"&amp#27;[0m                                                                                                        &amp#27;[90m# org.govstack.stepdefinition.pf.StepDefinitions_PF_Listings.user_enters_the_general_details(java.lang.String)&amp#27;[0m
  &amp#27;[36mAnd &amp#27;[0m&amp#27;[36muser enters the address details&amp#27;[0m                                                                                                                          &amp#27;[90m# org.govstack.stepdefinition.pf.StepDefinitions_PF_Listings.user_enters_the_address_details()&amp#27;[0m
  &amp#27;[36mAnd &amp#27;[0m&amp#27;[36muser enters the details details&amp#27;[0m                                                                                                                          &amp#27;[90m# org.govstack.stepdefinition.pf.StepDefinitions_PF_Listings.user_enters_the_details_details()&amp#27;[0m
  &amp#27;[36mThen &amp#27;[0m&amp#27;[36mlocation should be added&amp#27;[0m                                                                                                                                &amp#27;[90m# org.govstack.stepdefinition.pf.StepDefinitions_PF_Listings.location_should_be_added()&amp#27;[0m
]]></system-out>
    <system-err><![CDATA[Nov 04, 2024 11:08:49 A.M. org.openqa.selenium.devtools.CdpVersionFinder findNearestMatch
WARNING: Unable to find CDP implementation matching 130
Nov 04, 2024 11:08:49 A.M. org.openqa.selenium.chromium.ChromiumDriver lambda$new$5
WARNING: Unable to find version of CDP to use for 130.0.6723.92. You may need to include a dependency on a specific version of the CDP using something similar to `org.seleniumhq.selenium:selenium-devtools-v86:4.20.0` where the version ("v86") matches the version of the chromium-based browser you're using and the version number of the artifact is the same as Selenium's.
]]></system-err>
  </testcase>
</testsuite>